[2026-06-16T18:32:51.204Z] ═══════════════════════════════════════════════════════
[2026-06-16T18:32:51.206Z]   DealHunterBot — Daily Deal Scraping Pipeline
[2026-06-16T18:32:51.206Z]   Started at: 2026-06-16T18:32:51.206Z
[2026-06-16T18:32:51.207Z] ═══════════════════════════════════════════════════════
[2026-06-16T18:32:51.220Z] 🏪 Loading active stores from database...
[2026-06-16T18:32:52.313Z]    Loaded 10 stores.
[2026-06-16T18:32:52.314Z] 
👉 Processing store: Ajio (ajio)...
[2026-06-16T18:32:52.314Z]    Fetching CouponDunia: https://www.coupondunia.in/ajio
[2026-06-16T18:32:53.374Z]       Scraped 96 deals.
[2026-06-16T18:32:56.704Z]    Fetching CashKaro: https://cashkaro.com/stores/ajio-coupons
[2026-06-16T18:32:57.387Z]       Scraped 0 deals.
[2026-06-16T18:32:59.529Z]    Fetching GrabOn: https://grabon.in/ajio-coupons
[2026-06-16T18:33:00.981Z]       Scraped 44 deals.
[2026-06-16T18:33:04.643Z]    Fetching GrabOn Coupons: https://coupons.grabon.in/ajio-coupons
[2026-06-16T18:33:04.746Z] ⚠️ Fetch failed for https://coupons.grabon.in/ajio-coupons. Retrying in 10s... Error: fetch failed
[2026-06-16T18:33:14.845Z]       ❌ Error scraping GrabOn Coupons: fetch failed
[2026-06-16T18:33:18.109Z] 
👉 Processing store: Myntra (myntra)...
[2026-06-16T18:33:18.111Z]    Fetching CouponDunia: https://www.coupondunia.in/myntra
[2026-06-16T18:33:19.106Z]       Scraped 30 deals.
[2026-06-16T18:33:22.090Z]    Fetching CashKaro: https://cashkaro.com/stores/myntra
[2026-06-16T18:33:22.585Z]       Scraped 0 deals.
[2026-06-16T18:33:24.721Z]    Fetching GrabOn: https://grabon.in/myntra-coupons
[2026-06-16T18:33:25.685Z]       Scraped 52 deals.
[2026-06-16T18:33:29.410Z]    Fetching GrabOn Coupons: https://coupons.grabon.in/myntra-coupons
[2026-06-16T18:33:29.490Z] ⚠️ Fetch failed for https://coupons.grabon.in/myntra-coupons. Retrying in 10s... Error: fetch failed
[2026-06-16T18:33:39.588Z]       ❌ Error scraping GrabOn Coupons: fetch failed
[2026-06-16T18:33:41.708Z] 
👉 Processing store: Meesho (meesho)...
[2026-06-16T18:33:41.710Z]    Fetching CouponDunia: https://www.coupondunia.in/meesho
[2026-06-16T18:33:42.318Z] ⚠️ Fetch failed for https://www.coupondunia.in/meesho. Retrying in 10s... Error: HTTP 404 Not Found
[2026-06-16T18:33:52.712Z]       ❌ Error scraping CouponDunia: HTTP 404 Not Found
[2026-06-16T18:33:55.312Z]    Fetching CashKaro: https://cashkaro.com/stores/meesho
[2026-06-16T18:33:55.701Z] ⚠️ Fetch failed for https://cashkaro.com/stores/meesho. Retrying in 10s... Error: HTTP 404 Not Found
[2026-06-16T18:34:06.335Z]       ❌ Error scraping CashKaro: HTTP 404 Not Found
[2026-06-16T18:34:08.881Z]    Fetching GrabOn: https://grabon.in/meesho-coupons
[2026-06-16T18:34:09.630Z]       Scraped 28 deals.
[2026-06-16T18:34:13.458Z]    Fetching GrabOn Coupons: https://coupons.grabon.in/meesho-coupons
[2026-06-16T18:34:13.541Z] ⚠️ Fetch failed for https://coupons.grabon.in/meesho-coupons. Retrying in 10s... Error: fetch failed
[2026-06-16T18:34:23.637Z]       ❌ Error scraping GrabOn Coupons: fetch failed
[2026-06-16T18:34:27.096Z] 
👉 Processing store: Amazon India (amazon-india)...
[2026-06-16T18:34:27.098Z]    Fetching CouponDunia: https://www.coupondunia.in/amazon
[2026-06-16T18:34:28.203Z]       Scraped 30 deals.
[2026-06-16T18:34:31.145Z]    Fetching CashKaro: https://cashkaro.com/stores/amazon
[2026-06-16T18:34:31.793Z]       Scraped 0 deals.
[2026-06-16T18:34:34.007Z]    Fetching GrabOn: https://grabon.in/amazon-coupons
[2026-06-16T18:34:35.461Z]       Scraped 71 deals.
[2026-06-16T18:34:38.085Z]    Fetching GrabOn Coupons: https://coupons.grabon.in/amazon-coupons
[2026-06-16T18:34:38.168Z] ⚠️ Fetch failed for https://coupons.grabon.in/amazon-coupons. Retrying in 10s... Error: fetch failed
[2026-06-16T18:34:48.355Z]       ❌ Error scraping GrabOn Coupons: fetch failed
[2026-06-16T18:34:50.658Z] 
👉 Processing store: Flipkart (flipkart)...
[2026-06-16T18:34:50.660Z]    Fetching CouponDunia: https://www.coupondunia.in/flipkart
[2026-06-16T18:34:51.675Z]       Scraped 30 deals.
[2026-06-16T18:34:55.352Z]    Fetching CashKaro: https://cashkaro.com/stores/flipkart
[2026-06-16T18:34:55.794Z]       Scraped 1 deals.
[2026-06-16T18:34:58.056Z]    Fetching GrabOn: https://grabon.in/flipkart-coupons
[2026-06-16T18:34:59.211Z]       Scraped 39 deals.
[2026-06-16T18:35:01.700Z]    Fetching GrabOn Coupons: https://coupons.grabon.in/flipkart-coupons
[2026-06-16T18:35:01.783Z] ⚠️ Fetch failed for https://coupons.grabon.in/flipkart-coupons. Retrying in 10s... Error: fetch failed
[2026-06-16T18:35:11.856Z]       ❌ Error scraping GrabOn Coupons: fetch failed
[2026-06-16T18:35:15.804Z] 
👉 Processing store: Zomato (zomato)...
[2026-06-16T18:35:15.805Z]    Fetching CouponDunia: https://www.coupondunia.in/zomato
[2026-06-16T18:35:16.964Z]       Scraped 30 deals.
[2026-06-16T18:35:19.144Z]    Fetching CashKaro: https://cashkaro.com/stores/zomato
[2026-06-16T18:35:19.530Z] ⚠️ Fetch failed for https://cashkaro.com/stores/zomato. Retrying in 10s... Error: HTTP 404 Not Found
[2026-06-16T18:35:29.972Z]       ❌ Error scraping CashKaro: HTTP 404 Not Found
[2026-06-16T18:35:33.933Z]    Fetching GrabOn: https://grabon.in/zomato-coupons
[2026-06-16T18:35:34.987Z]       Scraped 26 deals.
[2026-06-16T18:35:38.293Z]    Fetching GrabOn Coupons: https://coupons.grabon.in/zomato-coupons
[2026-06-16T18:35:38.369Z] ⚠️ Fetch failed for https://coupons.grabon.in/zomato-coupons. Retrying in 10s... Error: fetch failed
[2026-06-16T18:35:48.473Z]       ❌ Error scraping GrabOn Coupons: fetch failed
[2026-06-16T18:35:51.501Z] 
👉 Processing store: Swiggy (swiggy)...
[2026-06-16T18:35:51.502Z]    Fetching CouponDunia: https://www.coupondunia.in/swiggy
[2026-06-16T18:35:52.407Z]       Scraped 16 deals.
[2026-06-16T18:35:54.680Z]    Fetching CashKaro: https://cashkaro.com/stores/swiggy
[2026-06-16T18:35:55.057Z] ⚠️ Fetch failed for https://cashkaro.com/stores/swiggy. Retrying in 10s... Error: HTTP 404 Not Found
[2026-06-16T18:36:05.441Z]       ❌ Error scraping CashKaro: HTTP 404 Not Found
[2026-06-16T18:36:08.885Z]    Fetching GrabOn: https://grabon.in/swiggy-coupons
[2026-06-16T18:36:10.075Z]       Scraped 39 deals.
[2026-06-16T18:36:13.696Z]    Fetching GrabOn Coupons: https://coupons.grabon.in/swiggy-coupons
[2026-06-16T18:36:13.793Z] ⚠️ Fetch failed for https://coupons.grabon.in/swiggy-coupons. Retrying in 10s... Error: fetch failed
[2026-06-16T18:36:23.975Z]       ❌ Error scraping GrabOn Coupons: fetch failed
[2026-06-16T18:36:27.252Z] 
👉 Processing store: Nykaa (nykaa)...
[2026-06-16T18:36:27.253Z]    Fetching CouponDunia: https://www.coupondunia.in/nykaa
[2026-06-16T18:36:28.189Z]       Scraped 30 deals.
[2026-06-16T18:36:30.435Z]    Fetching CashKaro: https://cashkaro.com/stores/nykaa
[2026-06-16T18:36:30.821Z]       Scraped 0 deals.
[2026-06-16T18:36:34.313Z]    Fetching GrabOn: https://grabon.in/nykaa-coupons
[2026-06-16T18:36:35.279Z]       Scraped 59 deals.
[2026-06-16T18:36:38.822Z]    Fetching GrabOn Coupons: https://coupons.grabon.in/nykaa-coupons
[2026-06-16T18:36:38.902Z] ⚠️ Fetch failed for https://coupons.grabon.in/nykaa-coupons. Retrying in 10s... Error: fetch failed
[2026-06-16T18:36:48.992Z]       ❌ Error scraping GrabOn Coupons: fetch failed
[2026-06-16T18:36:51.571Z] 
👉 Processing store: MakeMyTrip (makemytrip)...
[2026-06-16T18:36:51.572Z]    Fetching CouponDunia: https://www.coupondunia.in/makemytrip
[2026-06-16T18:36:52.415Z]       Scraped 30 deals.
[2026-06-16T18:36:55.667Z]    Fetching CashKaro: https://cashkaro.com/stores/makemytrip-domesticflights
[2026-06-16T18:36:56.235Z]       Scraped 0 deals.
[2026-06-16T18:36:58.487Z]    Fetching GrabOn: https://grabon.in/makemytrip-coupons
[2026-06-16T18:36:59.412Z]       Scraped 41 deals.
[2026-06-16T18:37:03.362Z]    Fetching GrabOn Coupons: https://coupons.grabon.in/makemytrip-coupons
[2026-06-16T18:37:03.439Z] ⚠️ Fetch failed for https://coupons.grabon.in/makemytrip-coupons. Retrying in 10s... Error: fetch failed
[2026-06-16T18:37:13.502Z]       ❌ Error scraping GrabOn Coupons: fetch failed
[2026-06-16T18:37:17.367Z] 
👉 Processing store: BigBasket (bigbasket)...
[2026-06-16T18:37:17.368Z]    Fetching CouponDunia: https://www.coupondunia.in/bigbasket
[2026-06-16T18:37:18.413Z]       Scraped 27 deals.
[2026-06-16T18:37:21.504Z]    Fetching CashKaro: https://cashkaro.com/stores/bigbasket
[2026-06-16T18:37:21.924Z]       Scraped 11 deals.
[2026-06-16T18:37:25.542Z]    Fetching GrabOn: https://grabon.in/bigbasket-coupons
[2026-06-16T18:37:26.546Z]       Scraped 39 deals.
[2026-06-16T18:37:29.576Z]    Fetching GrabOn Coupons: https://coupons.grabon.in/bigbasket-coupons
[2026-06-16T18:37:30.035Z] ⚠️ Fetch failed for https://coupons.grabon.in/bigbasket-coupons. Retrying in 10s... Error: fetch failed
[2026-06-16T18:37:40.134Z]       ❌ Error scraping GrabOn Coupons: fetch failed
[2026-06-16T18:37:42.850Z] 
🛡️  Applying Expiry Validation Rules...
[2026-06-16T18:37:42.855Z]    Valid deals remaining: 769 (removed 0 expired/invalid deals).
[2026-06-16T18:37:42.856Z] 
👥 Applying Deduplication Rules...
[2026-06-16T18:37:42.914Z]    Unique deals remaining: 693 (removed 76 duplicate deals).
[2026-06-16T18:37:42.915Z] 
💾 Writing feed to C:\Users\rames\OneDrive\Desktop\clone\coupondunia-backend\output\deals_latest.json...
[2026-06-16T18:37:42.920Z]    Output JSON successfully written.
[2026-06-16T18:37:42.920Z] 
📦 Ingesting deals into database...
[2026-06-16T18:39:07.963Z]    Database ingestion finished: upserted 693 coupons.
[2026-06-16T18:39:07.964Z] 
═══════════════════════════════════════════════════════
[2026-06-16T18:39:07.965Z]   Scraping Pipeline Summary:
[2026-06-16T18:39:07.965Z]   Total Scraped: 769
[2026-06-16T18:39:07.965Z]   Total Valid/Deduplicated: 693
[2026-06-16T18:39:07.966Z]   Expired Removed: 0
[2026-06-16T18:39:07.966Z]   Duplicates Removed: 76
[2026-06-16T18:39:07.967Z]   Errors Logged: 14
[2026-06-16T18:39:07.967Z]   Completed at: 2026-06-16T18:39:07.967Z
[2026-06-16T18:39:07.967Z] ═══════════════════════════════════════════════════════
[2026-06-25T12:26:27.027Z] ═══════════════════════════════════════════════════════
[2026-06-25T12:26:27.028Z]   DealHunterBot — Daily Deal Scraping Pipeline
[2026-06-25T12:26:27.029Z]   Started at: 2026-06-25T12:26:27.029Z
[2026-06-25T12:26:27.029Z] ═══════════════════════════════════════════════════════
[2026-06-25T12:26:27.031Z] 🏪 Loading active stores from database...
[2026-06-25T12:26:27.483Z]    Loaded 11 stores.
[2026-06-25T12:26:27.483Z] 
👉 Processing store: Ajio (ajio)...
[2026-06-25T12:26:27.484Z]    Fetching CouponDunia: https://www.coupondunia.in/ajio
[2026-06-25T12:26:28.196Z]       Scraped 96 deals.
[2026-06-25T12:26:30.732Z]    Fetching CashKaro: https://cashkaro.com/stores/ajio-coupons
[2026-06-25T12:26:31.130Z]       Scraped 1 deals.
[2026-06-25T12:26:35.051Z]    Fetching GrabOn: https://grabon.in/ajio-coupons
[2026-06-25T12:26:37.748Z]       Scraped 44 deals.
[2026-06-25T12:26:39.771Z]    Fetching GrabOn Coupons: https://coupons.grabon.in/ajio-coupons
[2026-06-25T12:26:39.911Z] ⚠️ Fetch failed for https://coupons.grabon.in/ajio-coupons. Retrying in 10s... Error: fetch failed
[2026-06-25T12:26:50.015Z]       ❌ Error scraping GrabOn Coupons: fetch failed
[2026-06-25T12:26:53.995Z] 
👉 Processing store: Myntra (myntra)...
[2026-06-25T12:26:53.995Z]    Fetching CouponDunia: https://www.coupondunia.in/myntra
[2026-06-25T12:26:56.710Z]       Scraped 30 deals.
[2026-06-25T12:26:59.833Z]    Fetching CashKaro: https://cashkaro.com/stores/myntra
[2026-06-25T12:27:00.163Z]       Scraped 0 deals.
[2026-06-25T12:27:02.328Z]    Fetching GrabOn: https://grabon.in/myntra-coupons
[2026-06-25T12:27:03.240Z]       Scraped 54 deals.
[2026-06-25T12:27:06.620Z]    Fetching GrabOn Coupons: https://coupons.grabon.in/myntra-coupons
[2026-06-25T12:27:06.705Z] ⚠️ Fetch failed for https://coupons.grabon.in/myntra-coupons. Retrying in 10s... Error: fetch failed
[2026-06-25T12:27:16.804Z]       ❌ Error scraping GrabOn Coupons: fetch failed
[2026-06-25T12:27:20.366Z] 
👉 Processing store: Meesho (meesho)...
[2026-06-25T12:27:20.366Z]    Fetching CouponDunia: https://www.coupondunia.in/meesho
[2026-06-25T12:27:23.035Z] ⚠️ Fetch failed for https://www.coupondunia.in/meesho. Retrying in 10s... Error: HTTP 404 Not Found
[2026-06-25T12:27:33.283Z]       ❌ Error scraping CouponDunia: HTTP 404 Not Found
[2026-06-25T12:27:36.700Z]    Fetching CashKaro: https://cashkaro.com/stores/meesho
[2026-06-25T12:27:37.076Z] ⚠️ Fetch failed for https://cashkaro.com/stores/meesho. Retrying in 10s... Error: HTTP 404 Not Found
[2026-06-25T12:27:47.400Z]       ❌ Error scraping CashKaro: HTTP 404 Not Found
[2026-06-25T12:27:50.443Z]    Fetching GrabOn: https://grabon.in/meesho-coupons
[2026-06-25T12:27:51.156Z]       Scraped 29 deals.
[2026-06-25T12:27:54.774Z]    Fetching GrabOn Coupons: https://coupons.grabon.in/meesho-coupons
[2026-06-25T12:27:54.867Z] ⚠️ Fetch failed for https://coupons.grabon.in/meesho-coupons. Retrying in 10s... Error: fetch failed
[2026-06-25T12:28:04.951Z]       ❌ Error scraping GrabOn Coupons: fetch failed
[2026-06-25T12:28:08.200Z] 
👉 Processing store: Amazon India (amazon-india)...
[2026-06-25T12:28:08.200Z]    Fetching CouponDunia: https://www.coupondunia.in/amazon
[2026-06-25T12:28:09.103Z]       Scraped 30 deals.
[2026-06-25T12:28:12.826Z]    Fetching CashKaro: https://cashkaro.com/stores/amazon
[2026-06-25T12:28:13.134Z]       Scraped 1 deals.
[2026-06-25T12:28:15.570Z]    Fetching GrabOn: https://grabon.in/amazon-coupons
[2026-06-25T12:28:16.281Z]       Scraped 70 deals.
[2026-06-25T12:28:20.086Z]    Fetching GrabOn Coupons: https://coupons.grabon.in/amazon-coupons
[2026-06-25T12:28:20.157Z] ⚠️ Fetch failed for https://coupons.grabon.in/amazon-coupons. Retrying in 10s... Error: fetch failed
[2026-06-25T12:28:30.237Z]       ❌ Error scraping GrabOn Coupons: fetch failed
[2026-06-25T12:28:33.177Z] 
👉 Processing store: Flipkart (flipkart)...
[2026-06-25T12:28:33.178Z]    Fetching CouponDunia: https://www.coupondunia.in/flipkart
[2026-06-25T12:28:34.046Z]       Scraped 30 deals.
[2026-06-25T12:28:37.321Z]    Fetching CashKaro: https://cashkaro.com/stores/flipkart
[2026-06-25T12:28:37.722Z]       Scraped 1 deals.
[2026-06-25T12:28:39.874Z]    Fetching GrabOn: https://grabon.in/flipkart-coupons
[2026-06-25T12:28:40.589Z]       Scraped 34 deals.
[2026-06-25T12:28:43.981Z]    Fetching GrabOn Coupons: https://coupons.grabon.in/flipkart-coupons
[2026-06-25T12:28:44.039Z] ⚠️ Fetch failed for https://coupons.grabon.in/flipkart-coupons. Retrying in 10s... Error: fetch failed
[2026-06-25T12:28:54.117Z]       ❌ Error scraping GrabOn Coupons: fetch failed
[2026-06-25T12:28:57.337Z] 
👉 Processing store: Zomato (zomato)...
[2026-06-25T12:28:57.337Z]    Fetching CouponDunia: https://www.coupondunia.in/zomato
[2026-06-25T12:29:00.694Z]       Scraped 30 deals.
[2026-06-25T12:29:02.913Z]    Fetching CashKaro: https://cashkaro.com/stores/zomato
[2026-06-25T12:29:03.415Z] ⚠️ Fetch failed for https://cashkaro.com/stores/zomato. Retrying in 10s... Error: HTTP 404 Not Found
[2026-06-25T12:29:13.784Z]       ❌ Error scraping CashKaro: HTTP 404 Not Found
[2026-06-25T12:29:16.737Z]    Fetching GrabOn: https://grabon.in/zomato-coupons
[2026-06-25T12:29:17.737Z]       Scraped 26 deals.
[2026-06-25T12:29:21.511Z]    Fetching GrabOn Coupons: https://coupons.grabon.in/zomato-coupons
[2026-06-25T12:29:21.600Z] ⚠️ Fetch failed for https://coupons.grabon.in/zomato-coupons. Retrying in 10s... Error: fetch failed
[2026-06-25T12:29:31.699Z]       ❌ Error scraping GrabOn Coupons: fetch failed
[2026-06-25T12:29:35.691Z] 
👉 Processing store: Swiggy (swiggy)...
[2026-06-25T12:29:35.692Z]    Fetching CouponDunia: https://www.coupondunia.in/swiggy
[2026-06-25T12:29:38.214Z]       Scraped 16 deals.
[2026-06-25T12:29:40.639Z]    Fetching CashKaro: https://cashkaro.com/stores/swiggy
[2026-06-25T12:29:41.016Z] ⚠️ Fetch failed for https://cashkaro.com/stores/swiggy. Retrying in 10s... Error: HTTP 404 Not Found
[2026-06-25T12:29:51.308Z]       ❌ Error scraping CashKaro: HTTP 404 Not Found
[2026-06-25T12:29:53.993Z]    Fetching GrabOn: https://grabon.in/swiggy-coupons
[2026-06-25T12:29:54.819Z]       Scraped 40 deals.
[2026-06-25T12:29:57.675Z]    Fetching GrabOn Coupons: https://coupons.grabon.in/swiggy-coupons
[2026-06-25T12:29:57.751Z] ⚠️ Fetch failed for https://coupons.grabon.in/swiggy-coupons. Retrying in 10s... Error: fetch failed
[2026-06-25T12:30:07.840Z]       ❌ Error scraping GrabOn Coupons: fetch failed
[2026-06-25T12:30:09.919Z] 
👉 Processing store: Nykaa (nykaa)...
[2026-06-25T12:30:09.919Z]    Fetching CouponDunia: https://www.coupondunia.in/nykaa
[2026-06-25T12:30:11.197Z]       Scraped 30 deals.
[2026-06-25T12:30:15.117Z]    Fetching CashKaro: https://cashkaro.com/stores/nykaa
[2026-06-25T12:30:15.777Z]       Scraped 0 deals.
[2026-06-25T12:30:19.073Z]    Fetching GrabOn: https://grabon.in/nykaa-coupons
[2026-06-25T12:30:20.119Z]       Scraped 63 deals.
[2026-06-25T12:30:23.274Z]    Fetching GrabOn Coupons: https://coupons.grabon.in/nykaa-coupons
[2026-06-25T12:30:23.757Z] ⚠️ Fetch failed for https://coupons.grabon.in/nykaa-coupons. Retrying in 10s... Error: fetch failed
[2026-06-25T12:30:33.855Z]       ❌ Error scraping GrabOn Coupons: fetch failed
[2026-06-25T12:30:37.206Z] 
👉 Processing store: MakeMyTrip (makemytrip)...
[2026-06-25T12:30:37.207Z]    Fetching CouponDunia: https://www.coupondunia.in/makemytrip
[2026-06-25T12:30:38.054Z]       Scraped 30 deals.
[2026-06-25T12:30:40.363Z]    Fetching CashKaro: https://cashkaro.com/stores/makemytrip-domesticflights
[2026-06-25T12:30:41.488Z]       Scraped 0 deals.
[2026-06-25T12:30:44.587Z]    Fetching GrabOn: https://grabon.in/makemytrip-coupons
[2026-06-25T12:30:45.825Z]       Scraped 36 deals.
[2026-06-25T12:30:48.900Z]    Fetching GrabOn Coupons: https://coupons.grabon.in/makemytrip-coupons
[2026-06-25T12:30:48.989Z] ⚠️ Fetch failed for https://coupons.grabon.in/makemytrip-coupons. Retrying in 10s... Error: fetch failed
[2026-06-25T12:30:59.093Z]       ❌ Error scraping GrabOn Coupons: fetch failed
[2026-06-25T12:31:01.806Z] 
👉 Processing store: BigBasket (bigbasket)...
[2026-06-25T12:31:01.807Z]    Fetching CouponDunia: https://www.coupondunia.in/bigbasket
[2026-06-25T12:31:03.724Z]       Scraped 27 deals.
[2026-06-25T12:31:07.724Z]    Fetching CashKaro: https://cashkaro.com/stores/bigbasket
[2026-06-25T12:31:08.257Z]       Scraped 11 deals.
[2026-06-25T12:31:10.296Z]    Fetching GrabOn: https://grabon.in/bigbasket-coupons
[2026-06-25T12:31:11.069Z]       Scraped 40 deals.
[2026-06-25T12:31:14.108Z]    Fetching GrabOn Coupons: https://coupons.grabon.in/bigbasket-coupons
[2026-06-25T12:31:14.203Z] ⚠️ Fetch failed for https://coupons.grabon.in/bigbasket-coupons. Retrying in 10s... Error: fetch failed
[2026-06-25T12:31:24.287Z]       ❌ Error scraping GrabOn Coupons: fetch failed
[2026-06-25T12:31:27.129Z] 
👉 Processing store: AbeBooks (abebooks)...
[2026-06-25T12:31:27.129Z]    Fetching CouponDunia: https://www.coupondunia.in/abebooks
[2026-06-25T12:31:27.582Z] ⚠️ Fetch failed for https://www.coupondunia.in/abebooks. Retrying in 10s... Error: HTTP 404 Not Found
[2026-06-25T12:31:37.877Z]       ❌ Error scraping CouponDunia: HTTP 404 Not Found
[2026-06-25T12:31:40.186Z]    Fetching CashKaro: https://cashkaro.com/stores/abebooks
[2026-06-25T12:31:40.591Z] ⚠️ Fetch failed for https://cashkaro.com/stores/abebooks. Retrying in 10s... Error: HTTP 404 Not Found
[2026-06-25T12:31:50.960Z]       ❌ Error scraping CashKaro: HTTP 404 Not Found
[2026-06-25T12:31:53.459Z]    Fetching GrabOn: https://grabon.in/abebooks-coupons
[2026-06-25T12:31:54.335Z]       Scraped 14 deals.
[2026-06-25T12:31:57.415Z]    Fetching GrabOn Coupons: https://coupons.grabon.in/abebooks-coupons
[2026-06-25T12:31:57.493Z] ⚠️ Fetch failed for https://coupons.grabon.in/abebooks-coupons. Retrying in 10s... Error: fetch failed
[2026-06-25T12:32:08.267Z]       ❌ Error scraping GrabOn Coupons: fetch failed
[2026-06-25T12:32:10.860Z] 
🛡️  Applying Expiry Validation Rules...
[2026-06-25T12:32:10.862Z]    Valid deals remaining: 783 (removed 0 expired/invalid deals).
[2026-06-25T12:32:10.862Z] 
👥 Applying Deduplication Rules...
[2026-06-25T12:32:10.888Z]    Unique deals remaining: 702 (removed 81 duplicate deals).
[2026-06-25T12:32:10.888Z] 
💾 Writing feed to C:\Users\rames\OneDrive\Desktop\clone\dealdhamal-backend\output\deals_latest.json...
[2026-06-25T12:32:10.890Z]    Output JSON successfully written.
[2026-06-25T12:32:10.891Z] 
📦 Ingesting deals into database...
[2026-06-25T12:32:10.891Z]    Cleaning up old public scraped coupons...
[2026-06-25T12:32:12.468Z]       Marked 694 active public coupons as expired.
[2026-06-25T12:32:12.835Z]       Cleaned up 676 old public coupons (with no clicks/reports/saves) from DB.
[2026-06-25T12:33:34.698Z]    Database ingestion finished: upserted 702 coupons.
[2026-06-25T12:33:34.698Z] 
═══════════════════════════════════════════════════════
[2026-06-25T12:33:34.699Z]   Scraping Pipeline Summary:
[2026-06-25T12:33:34.699Z]   Total Scraped: 783
[2026-06-25T12:33:34.699Z]   Total Valid/Deduplicated: 702
[2026-06-25T12:33:34.700Z]   Expired Removed: 0
[2026-06-25T12:33:34.700Z]   Duplicates Removed: 81
[2026-06-25T12:33:34.701Z]   Errors Logged: 17
[2026-06-25T12:33:34.701Z]   Completed at: 2026-06-25T12:33:34.701Z
[2026-06-25T12:33:34.702Z] ═══════════════════════════════════════════════════════
